********************************************************************************
product = Open Liberty 25.0.0.3 (wlp-1.0.99.cl250320250310-1902)
wlp.install.dir = D:/InvestigacionAplicada/target/liberty/wlp/
java.home = C:\Program Files\Microsoft\jdk-17.0.14.7-hotspot
java.version = 17.0.14
java.runtime = OpenJDK Runtime Environment (17.0.14+7-LTS)
os = Windows 11 (10.0; amd64) (es_US)
process = 5576@MauEnRich
Classpath = D:\InvestigacionAplicada\target\liberty\wlp\bin\tools\ws-server.jar
Java Library path = C:\Program Files\Microsoft\jdk-17.0.14.7-hotspot\bin;C:\WINDOWS\Sun\Java\bin;C:\WINDOWS\system32;C:\WINDOWS;C:\Program Files\Microsoft\jdk-17.0.14.7-hotspot\bin;C:\WINDOWS\system32;C:\WINDOWS;C:\WINDOWS\System32\Wbem;C:\WINDOWS\System32\WindowsPowerShell\v1.0\;C:\WINDOWS\System32\OpenSSH\;C:\Program Files\dotnet\;C:\Program Files\Apache\Maven\apache-maven-3.9.9\bin;C:\Program Files\Microsoft\jdk-17.0.14.7-hotspot\bin;C:\WINDOWS\system32;C:\WINDOWS;C:\WINDOWS\System32\Wbem;C:\WINDOWS\System32\WindowsPowerShell\v1.0\;C:\WINDOWS\System32\OpenSSH\;C:\Program Files\dotnet\;C:\WINDOWS\system32;C:\WINDOWS;C:\WINDOWS\System32\Wbem;C:\WINDOWS\System32\WindowsPowerShell\v1.0\;C:\WINDOWS\System32\OpenSSH\;C:\Program Files\dotnet\;C:\Users\mauri\AppData\Local\Microsoft\WindowsApps;C:\Users\mauri\AppData\Local\Programs\Microsoft VS Code\bin;C:\Users\mauri\AppData\Local\GitHubDesktop\bin;C:\Maven\apache-maven\bin;C:\Maven\apache-maven\bin;.
********************************************************************************
[6/4/2025 19:07:57:672 CST] 00000001 com.ibm.ws.kernel.launch.internal.FrameworkManager           A CWWKE0001I: El servidor investigacion se ha lanzado.
[6/4/2025 19:07:58:679 CST] 00000001 com.ibm.ws.kernel.launch.internal.FrameworkManager           I CWWKE0002I: El kernel se ha iniciado después de 1.221 segundos
[6/4/2025 19:07:58:716 CST] 00000031 com.ibm.ws.kernel.feature.internal.FeatureManager            I CWWKF0007I: La actualización de características se ha iniciado.
[6/4/2025 19:07:58:949 CST] 00000024 com.ibm.ws.security.ready.internal.SecurityReadyServiceImpl  I CWWKS0007I: El servicio de seguridad se está iniciando...
[6/4/2025 19:07:59:150 CST] 00000025 com.ibm.ws.app.manager.internal.monitor.DropinMonitor        A CWWKZ0058I: Supervisando aplicaciones de dropins.
[6/4/2025 19:07:59:646 CST] 00000027 rty.security.mp.jwt.v12.config.impl.MpConfigProxyServiceImpl I CWWKS5780I: mpConfigProxy de MicroProfile JWT versión 1.2 se ha procesado correctamente.
[6/4/2025 19:07:59:663 CST] 00000025 com.ibm.ws.cache.ServerCache                                 I DYNA1001I: La instancia de memoria caché dinámica de WebSphere con nombre baseCache se ha inicializado correctamente.
[6/4/2025 19:07:59:667 CST] 00000025 com.ibm.ws.cache.ServerCache                                 I DYNA1071I: Se está utilizando el proveedor de memoria caché default.
[6/4/2025 19:07:59:669 CST] 00000025 com.ibm.ws.cache.CacheServiceImpl                            I DYNA1056I: La memoria caché dinámica (memoria caché de objeto) se ha inicializado correctamente.
[6/4/2025 19:07:59:800 CST] 00000025 org.jboss.weld.Version                                       I WELD-000900: 4.0.3 (Final)
[6/4/2025 19:08:00:010 CST] 0000002d com.ibm.ws.ssl.config.WSKeyStore                             I Successfully loaded default keystore: D:/InvestigacionAplicada/target/liberty/wlp/usr/servers/investigacion/resources/security/public.jks of type: JKS
[6/4/2025 19:08:00:052 CST] 00000024 ibm.ws.security.authentication.internal.jaas.JAASServiceImpl I CWWKS1123I: Se ha activado el plugin de autenticación colectivo con el nombre de clase NullCollectiveAuthenticationPlugin. 
[6/4/2025 19:08:00:070 CST] 0000002d com.ibm.ws.security.mp.jwt.impl.MicroProfileJwtServiceImpl   I CWWKS5500I: La configuración de MicroProfile JWT [MicroProfileJwtService] se ha procesado correctamente.
[6/4/2025 19:08:00:072 CST] 0000002d com.ibm.ws.security.mp.jwt.impl.MicroProfileJwtConfigImpl    I CWWKS5500I: La configuración de MicroProfile JWT [jwtUserConsumer] se ha procesado correctamente.
[6/4/2025 19:08:00:073 CST] 0000002d com.ibm.ws.security.mp.jwt.impl.MicroProfileJwtConfigImpl    I CWWKS5500I: La configuración de MicroProfile JWT [defaultMpJwt] se ha procesado correctamente.
[6/4/2025 19:08:00:077 CST] 00000035 com.ibm.ws.security.token.ltpa.internal.LTPAKeyCreateTask    I CWWKS4105I: La configuración de LTPA estará lista después de 0.066 segundos.
[6/4/2025 19:08:00:281 CST] 00000024 com.ibm.ws.security.jwt.internal.ConsumerImpl                I CWWKS6012I: El servicio de consumidor JWT (JSON Web Token) está disponible.
[6/4/2025 19:08:00:299 CST] 00000024 com.ibm.ws.security.jwt.web.JwtEndpointServices              I CWWKS6002I: El servicio de punto final de señal web de JSON (JWT) está disponible.
[6/4/2025 19:08:00:334 CST] 00000024 com.ibm.ws.security.jaspi.AuthConfigFactoryWrapper           I CWWKS1655I: Se está utilizando la clase AuthConfigFactory com.ibm.ws.security.jaspi.ProviderRegistry de JASPIC (Java Authentication SPI for Containers) predeterminada porque la propiedad de seguridad Java authconfigprovider.factory no está establecida. 
[6/4/2025 19:08:00:620 CST] 00000024 com.ibm.ws.session.WASSessionCore                            I SESN8501I: El gestor de sesiones no ha encontrado una ubicación de almacenamiento persistente; los objetos HttpSession se almacenarán en la memoria del servidor de aplicaciones local.
[6/4/2025 19:08:00:731 CST] 00000024 .microprofile.metrics.internal.monitor.MonitorMetricsHandler I CWPMI2003I: No se pueden recuperar métricas de supervisión mediante mpMetrics.
[6/4/2025 19:08:01:094 CST] 00000035 com.ibm.ws.webcontainer.osgi.webapp.WebGroup                 I SRVE0169I: Cargando módulo web: health.
[6/4/2025 19:08:01:093 CST] 00000039 com.ibm.ws.webcontainer.osgi.webapp.WebGroup                 I SRVE0169I: Cargando módulo web: MicroProfileOpenAPI.
[6/4/2025 19:08:01:093 CST] 0000003a com.ibm.ws.webcontainer.osgi.webapp.WebGroup                 I SRVE0169I: Cargando módulo web: OpenAPIUI.
[6/4/2025 19:08:01:093 CST] 00000033 com.ibm.ws.webcontainer.osgi.webapp.WebGroup                 I SRVE0169I: Cargando módulo web: io.openliberty.security.jwt.internal.
[6/4/2025 19:08:01:096 CST] 0000003a com.ibm.ws.webcontainer                                      I SRVE0250I: El módulo web OpenAPIUI se ha enlazado con default_host.
[6/4/2025 19:08:01:096 CST] 00000035 com.ibm.ws.webcontainer                                      I SRVE0250I: El módulo web health se ha enlazado con default_host.
[6/4/2025 19:08:01:096 CST] 00000033 com.ibm.ws.webcontainer                                      I SRVE0250I: El módulo web io.openliberty.security.jwt.internal se ha enlazado con default_host.
[6/4/2025 19:08:01:097 CST] 00000039 com.ibm.ws.webcontainer                                      I SRVE0250I: El módulo web MicroProfileOpenAPI se ha enlazado con default_host.
[6/4/2025 19:08:01:098 CST] 0000003a com.ibm.ws.http.internal.VirtualHostImpl                     A CWWKT0016I: Aplicación web disponible (default_host): http://localhost:8080/openapi/ui/
[6/4/2025 19:08:01:099 CST] 00000039 com.ibm.ws.http.internal.VirtualHostImpl                     A CWWKT0016I: Aplicación web disponible (default_host): http://localhost:8080/openapi/
[6/4/2025 19:08:01:099 CST] 00000033 com.ibm.ws.http.internal.VirtualHostImpl                     A CWWKT0016I: Aplicación web disponible (default_host): http://localhost:8080/jwt/
[6/4/2025 19:08:01:100 CST] 00000035 com.ibm.ws.http.internal.VirtualHostImpl                     A CWWKT0016I: Aplicación web disponible (default_host): http://localhost:8080/health/
[6/4/2025 19:08:01:131 CST] 00000035 com.ibm.ws.app.manager.AppMessageHelper                      I CWWKZ0018I: Iniciando la aplicación investigacion.
[6/4/2025 19:08:01:132 CST] 00000035 bm.ws.app.manager.war.internal.WARDeployedAppInfoFactoryImpl I CWWKZ0134I: La aplicación investigacion está utilizando la definición de aplicación dinámica en la ubicación D:\InvestigacionAplicada\target\liberty\wlp\usr\servers\investigacion\apps\investigacion.war.xml.
[6/4/2025 19:08:01:166 CST] 00000034 com.ibm.ws.session.WASSessionCore                            I SESN0176I: Se creará un nuevo contexto de sesión para la clave de aplicación default_host/jwt
[6/4/2025 19:08:01:166 CST] 00000033 com.ibm.ws.session.WASSessionCore                            I SESN0176I: Se creará un nuevo contexto de sesión para la clave de aplicación default_host/openapi
[6/4/2025 19:08:01:171 CST] 00000039 com.ibm.ws.webcontainer.osgi.webapp.WebGroup                 I SRVE0169I: Cargando módulo web: PublicMicroProfileMetrics.
[6/4/2025 19:08:01:171 CST] 00000039 com.ibm.ws.webcontainer                                      I SRVE0250I: El módulo web PublicMicroProfileMetrics se ha enlazado con default_host.
[6/4/2025 19:08:01:171 CST] 00000039 com.ibm.ws.http.internal.VirtualHostImpl                     A CWWKT0016I: Aplicación web disponible (default_host): http://localhost:8080/metrics/
[6/4/2025 19:08:01:189 CST] 00000039 com.ibm.ws.session.WASSessionCore                            I SESN0176I: Se creará un nuevo contexto de sesión para la clave de aplicación default_host/health
[6/4/2025 19:08:01:212 CST] 0000003a com.ibm.ws.webcontainer.osgi.webapp.WebGroup                 I SRVE0169I: Cargando módulo web: ibm/api.
[6/4/2025 19:08:01:213 CST] 0000003a com.ibm.ws.webcontainer                                      I SRVE0250I: El módulo web ibm/api se ha enlazado con default_host.
[6/4/2025 19:08:01:213 CST] 0000003a com.ibm.ws.http.internal.VirtualHostImpl                     A CWWKT0016I: Aplicación web disponible (default_host): http://localhost:8080/ibm/api/
[6/4/2025 19:08:01:217 CST] 00000034 com.ibm.ws.util                                              I SESN0172I: El gestor de sesiones está utilizando la implementación de SecureRandom Java por omisión para la generación del ID de sesión.
[6/4/2025 19:08:01:221 CST] 0000003a com.ibm.ws.session.WASSessionCore                            I SESN0176I: Se creará un nuevo contexto de sesión para la clave de aplicación default_host/openapi/ui
[6/4/2025 19:08:01:239 CST] 0000003a com.ibm.ws.util                                              I SESN0172I: El gestor de sesiones está utilizando la implementación de SecureRandom Java por omisión para la generación del ID de sesión.
[6/4/2025 19:08:01:240 CST] 00000039 com.ibm.ws.util                                              I SESN0172I: El gestor de sesiones está utilizando la implementación de SecureRandom Java por omisión para la generación del ID de sesión.
[6/4/2025 19:08:01:241 CST] 00000033 com.ibm.ws.util                                              I SESN0172I: El gestor de sesiones está utilizando la implementación de SecureRandom Java por omisión para la generación del ID de sesión.
[6/4/2025 19:08:01:260 CST] 0000003a com.ibm.ws.cache.CacheServiceImpl                            I DYNA1056I: La memoria caché dinámica (memoria caché de objeto) se ha inicializado correctamente.
[6/4/2025 19:08:01:377 CST] 00000034 com.ibm.ws.session.WASSessionCore                            I SESN0176I: Se creará un nuevo contexto de sesión para la clave de aplicación default_host/metrics
[6/4/2025 19:08:01:377 CST] 00000034 com.ibm.ws.util                                              I SESN0172I: El gestor de sesiones está utilizando la implementación de SecureRandom Java por omisión para la generación del ID de sesión.
[6/4/2025 19:08:01:438 CST] 00000034 com.ibm.ws.webcontainer.servlet                              I SRVE0242I: [io.openliberty.microprofile.metrics.internal.public] [/metrics] [PublicMetricsRESTProxyServlet]: Inicialización satisfactoria.
[6/4/2025 19:08:01:438 CST] 00000039 com.ibm.ws.webcontainer.servlet                              I SRVE0242I: [io.openliberty.microprofile.health.4.0.internal.jakarta] [/health] [HealthCheckReadinessServlet]: Inicialización satisfactoria.
[6/4/2025 19:08:01:441 CST] 00000039 com.ibm.ws.webcontainer.servlet                              I SRVE0242I: [io.openliberty.microprofile.health.4.0.internal.jakarta] [/health] [HealthCheckServlet]: Inicialización satisfactoria.
[6/4/2025 19:08:01:443 CST] 00000039 com.ibm.ws.webcontainer.servlet                              I SRVE0242I: [io.openliberty.microprofile.health.4.0.internal.jakarta] [/health] [HealthCheckStartupServlet]: Inicialización satisfactoria.
[6/4/2025 19:08:01:444 CST] 00000039 com.ibm.ws.webcontainer.servlet                              I SRVE0242I: [io.openliberty.microprofile.health.4.0.internal.jakarta] [/health] [HealthCheckLivenessServlet]: Inicialización satisfactoria.
[6/4/2025 19:08:01:447 CST] 00000033 com.ibm.ws.webcontainer.servlet                              I SRVE0242I: [io.openliberty.microprofile.openapi.2.0.internal.servlet.jakarta] [/openapi] [ApplicationServlet]: Inicialización satisfactoria.
[6/4/2025 19:08:01:452 CST] 00000039 com.ibm.ws.session.WASSessionCore                            I SESN0176I: Se creará un nuevo contexto de sesión para la clave de aplicación default_host/ibm/api
[6/4/2025 19:08:01:452 CST] 00000039 com.ibm.ws.util                                              I SESN0172I: El gestor de sesiones está utilizando la implementación de SecureRandom Java por omisión para la generación del ID de sesión.
[6/4/2025 19:08:01:794 CST] 0000003a com.ibm.ws.webcontainer.osgi.mbeans.PluginGenerator          I SRVE9103I: Se ha generado automáticamente un archivo de configuración para un plug-in de servidor web para este servidor en D:\InvestigacionAplicada\target\liberty\wlp\usr\servers\investigacion\logs\state\plugin-cfg.xml.
[6/4/2025 19:08:03:432 CST] 00000035 com.ibm.ws.logging.internal.impl.IncidentImpl                I FFDC1015I: Se ha creado una incidencia FFDC: "java.lang.NoClassDefFoundError: javax/persistence/EntityManager com.ibm.ws.injectionengine.InjectionProcessorManager.getAllDeclaredFields 249" en ffdc_25.04.06_19.08.03.0.log
[6/4/2025 19:08:03:444 CST] 00000035 com.ibm.ws.injectionengine.InjectionProcessorManager         W CWNEN0047W: Se ignorarán las notaciones de recursos de los campos de la clase sv.edu.udb.repository.ProductoRepository. Las notaciones no se han podido obtener debido a la excepción: java.lang.NoClassDefFoundError: javax/persistence/EntityManager
[6/4/2025 19:08:04:142 CST] 00000035 org.jboss.weld.Bootstrap                                     I WELD-000119: Not generating any bean definitions from sv.edu.udb.repository.ProductoRepository because of underlying class loading error: Type javax.persistence.EntityManager not found.  If this is unexpected, enable DEBUG logging to see the full error.
[6/4/2025 19:08:08:783 CST] 00000035 liberty.microprofile.openapi20.internal.ApplicationProcessor I CWWKO1660I: La aplicación investigacion se ha procesado y se ha producido un documento OpenAPI.
[6/4/2025 19:08:08:788 CST] 00000035 com.ibm.ws.webcontainer.osgi.webapp.WebGroup                 I SRVE0169I: Cargando módulo web: investigacion.
[6/4/2025 19:08:08:788 CST] 00000035 com.ibm.ws.webcontainer                                      I SRVE0250I: El módulo web investigacion se ha enlazado con default_host.
[6/4/2025 19:08:08:788 CST] 00000035 com.ibm.ws.http.internal.VirtualHostImpl                     A CWWKT0016I: Aplicación web disponible (default_host): http://localhost:8080/
[6/4/2025 19:08:08:791 CST] 0000003a com.ibm.ws.session.WASSessionCore                            I SESN0176I: Se creará un nuevo contexto de sesión para la clave de aplicación default_host/
[6/4/2025 19:08:08:792 CST] 0000003a com.ibm.ws.util                                              I SESN0172I: El gestor de sesiones está utilizando la implementación de SecureRandom Java por omisión para la generación del ID de sesión.
[6/4/2025 19:08:08:838 CST] 0000003a com.ibm.ws.app.manager.AppMessageHelper                      A CWWKZ0001I: La aplicación investigacion se ha iniciado en 7.706 segundos.
[6/4/2025 19:08:08:858 CST] 00000034 com.ibm.ws.webcontainer.osgi.mbeans.PluginGenerator          I SRVE9103I: Se ha generado automáticamente un archivo de configuración para un plug-in de servidor web para este servidor en D:\InvestigacionAplicada\target\liberty\wlp\usr\servers\investigacion\logs\state\plugin-cfg.xml.
[6/4/2025 19:08:08:861 CST] 00000031 com.ibm.ws.tcpchannel.internal.TCPPort                       I CWWKO0219I: El canal TCP defaultHttpEndpoint se ha iniciado y ahora está a la escucha de solicitudes en el host 127.0.0.1  (IPv4: 127.0.0.1) puerto 8080.
[6/4/2025 19:08:08:864 CST] 00000031 com.ibm.ws.tcpchannel.internal.TCPPort                       I CWWKO0219I: El canal TCP defaultHttpEndpoint-ssl se ha iniciado y ahora está a la escucha de solicitudes en el host 127.0.0.1  (IPv4: 127.0.0.1) puerto 9443.
[6/4/2025 19:08:08:877 CST] 00000031 com.ibm.ws.kernel.feature.internal.FeatureManager            A CWWKF0012I: El servidor ha instalado las características siguientes: [appSecurity-4.0, cdi-3.0, concurrent-2.0, distributedMap-1.0, expressionLanguage-4.0, jndi-1.0, json-1.0, jsonb-2.0, jsonp-2.0, jwt-1.0, microProfile-5.0, monitor-1.0, mpConfig-3.0, mpFaultTolerance-4.0, mpHealth-4.0, mpJwt-2.0, mpMetrics-4.0, mpOpenAPI-3.0, mpOpenTracing-3.0, mpRestClient-3.0, restfulWS-3.0, restfulWSClient-3.0, servlet-5.0, ssl-1.0, transportSecurity-1.0].
[6/4/2025 19:08:08:878 CST] 00000031 com.ibm.ws.kernel.feature.internal.FeatureManager            I CWWKF0008I: La actualización de características se ha completado en 10.199 segundos.
[6/4/2025 19:08:08:879 CST] 00000031 com.ibm.ws.kernel.feature.internal.FeatureManager            A CWWKF0011I: El servidor investigacion está preparado para ejecutar un planeta más inteligente. El servidor investigacion se ha iniciado en 11.422 segundos.
[6/4/2025 19:08:12:277 CST] 00000067 com.ibm.ws.http.internal.VirtualHostImpl                     A CWWKT0017I: Aplicación web eliminada (default_host): http://localhost:8080/
[6/4/2025 19:08:12:291 CST] 00000067 com.ibm.ws.app.manager.AppMessageHelper                      A CWWKZ0009I: La aplicación investigacion se ha detenido correctamente.
[6/4/2025 19:08:12:300 CST] 00000067 com.ibm.ws.app.manager.AppMessageHelper                      I CWWKZ0018I: Iniciando la aplicación investigacion.
[6/4/2025 19:08:12:300 CST] 00000067 bm.ws.app.manager.war.internal.WARDeployedAppInfoFactoryImpl I CWWKZ0134I: La aplicación investigacion está utilizando la definición de aplicación dinámica en la ubicación D:\InvestigacionAplicada\target\liberty\wlp\usr\servers\investigacion\apps\investigacion.war.xml.
[6/4/2025 19:08:12:551 CST] 0000006a com.ibm.ws.webcontainer.osgi.mbeans.PluginGenerator          I SRVE9103I: Se ha generado automáticamente un archivo de configuración para un plug-in de servidor web para este servidor en D:\InvestigacionAplicada\target\liberty\wlp\usr\servers\investigacion\logs\state\plugin-cfg.xml.
[6/4/2025 19:08:12:847 CST] 00000067 com.ibm.ws.injectionengine.InjectionProcessorManager         W CWNEN0047W: Se ignorarán las notaciones de recursos de los campos de la clase sv.edu.udb.repository.ProductoRepository. Las notaciones no se han podido obtener debido a la excepción: java.lang.NoClassDefFoundError: javax/persistence/EntityManager
[6/4/2025 19:08:13:010 CST] 00000067 org.jboss.weld.Bootstrap                                     I WELD-000119: Not generating any bean definitions from sv.edu.udb.repository.ProductoRepository because of underlying class loading error: Type javax.persistence.EntityManager not found.  If this is unexpected, enable DEBUG logging to see the full error.
[6/4/2025 19:08:16:106 CST] 00000067 liberty.microprofile.openapi20.internal.ApplicationProcessor I CWWKO1660I: La aplicación investigacion se ha procesado y se ha producido un documento OpenAPI.
[6/4/2025 19:08:16:106 CST] 00000067 com.ibm.ws.webcontainer.osgi.webapp.WebGroup                 I SRVE0169I: Cargando módulo web: investigacion.
[6/4/2025 19:08:16:106 CST] 00000067 com.ibm.ws.webcontainer                                      I SRVE0250I: El módulo web investigacion se ha enlazado con default_host.
[6/4/2025 19:08:16:106 CST] 00000067 com.ibm.ws.http.internal.VirtualHostImpl                     A CWWKT0016I: Aplicación web disponible (default_host): http://localhost:8080/
[6/4/2025 19:08:16:107 CST] 00000055 com.ibm.ws.session.WASSessionCore                            I SESN0176I: Se creará un nuevo contexto de sesión para la clave de aplicación default_host/
[6/4/2025 19:08:16:107 CST] 00000055 com.ibm.ws.util                                              I SESN0172I: El gestor de sesiones está utilizando la implementación de SecureRandom Java por omisión para la generación del ID de sesión.
[6/4/2025 19:08:16:128 CST] 00000055 com.ibm.ws.app.manager.AppMessageHelper                      A CWWKZ0003I: La aplicación investigacion se ha actualizado en 3.829 segundos.
[6/4/2025 19:08:16:137 CST] 00000068 com.ibm.ws.webcontainer.osgi.mbeans.PluginGenerator          I SRVE9103I: Se ha generado automáticamente un archivo de configuración para un plug-in de servidor web para este servidor en D:\InvestigacionAplicada\target\liberty\wlp\usr\servers\investigacion\logs\state\plugin-cfg.xml.
[6/4/2025 19:08:22:187 CST] 0000005a com.ibm.ws.webcontainer.extension                            W SRVE0190E: Archivo no encontrado: /api/productos
[6/4/2025 19:08:22:187 CST] 0000005c com.ibm.ws.webcontainer.extension                            W SRVE0190E: Archivo no encontrado: /favicon.ico
[6/4/2025 19:08:22:292 CST] 0000005a com.ibm.ws.logging.internal.impl.IncidentImpl                I FFDC1015I: Se ha creado una incidencia FFDC: "jakarta.servlet.ServletException: java.io.FileNotFoundException: SRVE0190E: Archivo no encontrado: /api/productos com.ibm.ws.webcontainer.filter.FilterInstanceWrapper.doFilter 144" en ffdc_25.04.06_19.08.22.0.log
[6/4/2025 19:08:22:293 CST] 0000005c com.ibm.ws.logging.internal.impl.IncidentImpl                I FFDC1015I: Se ha creado una incidencia FFDC: "jakarta.servlet.ServletException: java.io.FileNotFoundException: SRVE0190E: Archivo no encontrado: /favicon.ico com.ibm.ws.webcontainer.filter.FilterInstanceWrapper.doFilter 144" en ffdc_25.04.06_19.08.22.1.log
[6/4/2025 19:09:18:021 CST] 0000005d com.ibm.ws.webcontainer.extension                            W SRVE0190E: Archivo no encontrado: /api/productos
[6/4/2025 19:09:23:602 CST] 00000058 com.ibm.ws.webcontainer.extension                            W SRVE0190E: Archivo no encontrado: /api/productos
[6/4/2025 19:09:40:444 CST] 00000056 com.ibm.ws.webcontainer.extension                            W SRVE0190E: Archivo no encontrado: /api/productos
[6/4/2025 19:10:36:486 CST] 0000005e com.ibm.ws.http.internal.VirtualHostImpl                     A CWWKT0017I: Aplicación web eliminada (default_host): http://localhost:8080/
[6/4/2025 19:10:36:494 CST] 0000005e com.ibm.ws.app.manager.AppMessageHelper                      A CWWKZ0009I: La aplicación investigacion se ha detenido correctamente.
[6/4/2025 19:10:36:499 CST] 0000005e com.ibm.ws.app.manager.AppMessageHelper                      I CWWKZ0018I: Iniciando la aplicación investigacion.
[6/4/2025 19:10:36:499 CST] 0000005e bm.ws.app.manager.war.internal.WARDeployedAppInfoFactoryImpl I CWWKZ0134I: La aplicación investigacion está utilizando la definición de aplicación dinámica en la ubicación D:\InvestigacionAplicada\target\liberty\wlp\usr\servers\investigacion\apps\investigacion.war.xml.
[6/4/2025 19:10:36:544 CST] 00000068 com.ibm.ws.webcontainer.osgi.mbeans.PluginGenerator          I SRVE9103I: Se ha generado automáticamente un archivo de configuración para un plug-in de servidor web para este servidor en D:\InvestigacionAplicada\target\liberty\wlp\usr\servers\investigacion\logs\state\plugin-cfg.xml.
[6/4/2025 19:10:37:078 CST] 0000005e com.ibm.ws.injectionengine.InjectionProcessorManager         W CWNEN0047W: Se ignorarán las notaciones de recursos de los campos de la clase sv.edu.udb.repository.ProductoRepository. Las notaciones no se han podido obtener debido a la excepción: java.lang.NoClassDefFoundError: javax/persistence/EntityManager
[6/4/2025 19:10:37:262 CST] 0000005e org.jboss.weld.Bootstrap                                     I WELD-000119: Not generating any bean definitions from sv.edu.udb.repository.ProductoRepository because of underlying class loading error: Type javax.persistence.EntityManager not found.  If this is unexpected, enable DEBUG logging to see the full error.
[6/4/2025 19:10:40:304 CST] 0000005e liberty.microprofile.openapi20.internal.ApplicationProcessor I CWWKO1660I: La aplicación investigacion se ha procesado y se ha producido un documento OpenAPI.
[6/4/2025 19:10:40:305 CST] 0000005e com.ibm.ws.webcontainer.osgi.webapp.WebGroup                 I SRVE0169I: Cargando módulo web: investigacion.
[6/4/2025 19:10:40:305 CST] 0000005e com.ibm.ws.webcontainer                                      I SRVE0250I: El módulo web investigacion se ha enlazado con default_host.
[6/4/2025 19:10:40:305 CST] 0000005e com.ibm.ws.http.internal.VirtualHostImpl                     A CWWKT0016I: Aplicación web disponible (default_host): http://localhost:8080/
[6/4/2025 19:10:40:305 CST] 00000067 com.ibm.ws.session.WASSessionCore                            I SESN0176I: Se creará un nuevo contexto de sesión para la clave de aplicación default_host/
[6/4/2025 19:10:40:306 CST] 00000067 com.ibm.ws.util                                              I SESN0172I: El gestor de sesiones está utilizando la implementación de SecureRandom Java por omisión para la generación del ID de sesión.
[6/4/2025 19:10:40:327 CST] 00000067 com.ibm.ws.app.manager.AppMessageHelper                      A CWWKZ0003I: La aplicación investigacion se ha actualizado en 3.828 segundos.
[6/4/2025 19:10:40:343 CST] 00000058 com.ibm.ws.webcontainer.osgi.mbeans.PluginGenerator          I SRVE9103I: Se ha generado automáticamente un archivo de configuración para un plug-in de servidor web para este servidor en D:\InvestigacionAplicada\target\liberty\wlp\usr\servers\investigacion\logs\state\plugin-cfg.xml.
[6/4/2025 19:10:43:428 CST] 00000055 com.ibm.ws.webcontainer.extension                            W SRVE0190E: Archivo no encontrado: /api/productos
[6/4/2025 19:10:43:668 CST] 00000034 com.ibm.ws.webcontainer.extension                            W SRVE0190E: Archivo no encontrado: /api/productos
[6/4/2025 19:10:44:999 CST] 00000056 com.ibm.ws.webcontainer.extension                            W SRVE0190E: Archivo no encontrado: /api/productos
[6/4/2025 19:12:56:895 CST] 0000005f com.ibm.ws.webcontainer.extension                            W SRVE0190E: Archivo no encontrado: /api/productos
