********************************************************************************
product = Open Liberty 25.0.0.3 (wlp-1.0.99.cl250320250310-1902)
wlp.install.dir = D:/InvestigacionAplicada/target/liberty/wlp/
java.home = C:\Program Files\Microsoft\jdk-17.0.14.7-hotspot
java.version = 17.0.14
java.runtime = OpenJDK Runtime Environment (17.0.14+7-LTS)
os = Windows 11 (10.0; amd64) (es_US)
process = 14944@MauEnRich
Classpath = D:\InvestigacionAplicada\target\liberty\wlp\bin\tools\ws-server.jar
Java Library path = C:\Program Files\Microsoft\jdk-17.0.14.7-hotspot\bin;C:\WINDOWS\Sun\Java\bin;C:\WINDOWS\system32;C:\WINDOWS;C:\Program Files\Microsoft\jdk-17.0.14.7-hotspot\bin;C:\WINDOWS\system32;C:\WINDOWS;C:\WINDOWS\System32\Wbem;C:\WINDOWS\System32\WindowsPowerShell\v1.0\;C:\WINDOWS\System32\OpenSSH\;C:\Program Files\dotnet\;C:\Program Files\Apache\Maven\apache-maven-3.9.9\bin;C:\Program Files\Microsoft\jdk-17.0.14.7-hotspot\bin;C:\WINDOWS\system32;C:\WINDOWS;C:\WINDOWS\System32\Wbem;C:\WINDOWS\System32\WindowsPowerShell\v1.0\;C:\WINDOWS\System32\OpenSSH\;C:\Program Files\dotnet\;C:\WINDOWS\system32;C:\WINDOWS;C:\WINDOWS\System32\Wbem;C:\WINDOWS\System32\WindowsPowerShell\v1.0\;C:\WINDOWS\System32\OpenSSH\;C:\Program Files\dotnet\;C:\Users\mauri\AppData\Local\Microsoft\WindowsApps;C:\Users\mauri\AppData\Local\Programs\Microsoft VS Code\bin;C:\Users\mauri\AppData\Local\GitHubDesktop\bin;C:\Maven\apache-maven\bin;C:\Maven\apache-maven\bin;.
********************************************************************************
[6/4/2025 19:06:27:943 CST] 00000001 com.ibm.ws.kernel.launch.internal.FrameworkManager           A CWWKE0001I: El servidor investigacion se ha lanzado.
[6/4/2025 19:06:29:144 CST] 00000001 com.ibm.ws.kernel.launch.internal.FrameworkManager           I CWWKE0002I: El kernel se ha iniciado después de 1.477 segundos
[6/4/2025 19:06:29:196 CST] 00000031 com.ibm.ws.kernel.feature.internal.FeatureManager            I CWWKF0007I: La actualización de características se ha iniciado.
[6/4/2025 19:06:30:614 CST] 00000024 com.ibm.ws.security.ready.internal.SecurityReadyServiceImpl  I CWWKS0007I: El servicio de seguridad se está iniciando...
[6/4/2025 19:06:30:898 CST] 00000027 com.ibm.ws.app.manager.internal.monitor.DropinMonitor        A CWWKZ0058I: Supervisando aplicaciones de dropins.
[6/4/2025 19:06:31:596 CST] 00000026 rty.security.mp.jwt.v12.config.impl.MpConfigProxyServiceImpl I CWWKS5780I: mpConfigProxy de MicroProfile JWT versión 1.2 se ha procesado correctamente.
[6/4/2025 19:06:31:624 CST] 00000027 com.ibm.ws.cache.ServerCache                                 I DYNA1001I: La instancia de memoria caché dinámica de WebSphere con nombre baseCache se ha inicializado correctamente.
[6/4/2025 19:06:31:630 CST] 00000027 com.ibm.ws.cache.ServerCache                                 I DYNA1071I: Se está utilizando el proveedor de memoria caché default.
[6/4/2025 19:06:31:633 CST] 00000027 com.ibm.ws.cache.CacheServiceImpl                            I DYNA1056I: La memoria caché dinámica (memoria caché de objeto) se ha inicializado correctamente.
[6/4/2025 19:06:31:813 CST] 00000027 org.jboss.weld.Version                                       I WELD-000900: 4.0.3 (Final)
[6/4/2025 19:06:32:110 CST] 0000002d com.ibm.ws.ssl.config.WSKeyStore                             I CWPKI0802I: Creando el certificado SSL. Esto puede tardar unos segundos.
[6/4/2025 19:06:32:135 CST] 00000034 com.ibm.ws.security.token.ltpa.LTPAKeyInfoManager            I CWWKS4103I: Creando las claves LTPA. Esto puede tardar unos segundos.
[6/4/2025 19:06:32:182 CST] 00000024 ibm.ws.security.authentication.internal.jaas.JAASServiceImpl I CWWKS1123I: Se ha activado el plugin de autenticación colectivo con el nombre de clase NullCollectiveAuthenticationPlugin. 
[6/4/2025 19:06:32:332 CST] 00000034 com.ibm.ws.security.token.ltpa.LTPAKeyInfoManager            A CWWKS4104A: Las claves LTPA se han creado en 0.197 segundos. Archivo de claves LTPA: D:/InvestigacionAplicada/target/liberty/wlp/usr/servers/investigacion/resources/security/ltpa.keys
[6/4/2025 19:06:32:338 CST] 00000034 com.ibm.ws.security.token.ltpa.internal.LTPAKeyCreateTask    I CWWKS4105I: La configuración de LTPA estará lista después de 0.206 segundos.
[6/4/2025 19:06:32:501 CST] 00000024 com.ibm.ws.security.jwt.internal.ConsumerImpl                I CWWKS6012I: El servicio de consumidor JWT (JSON Web Token) está disponible.
[6/4/2025 19:06:32:533 CST] 00000024 com.ibm.ws.security.jwt.web.JwtEndpointServices              I CWWKS6002I: El servicio de punto final de señal web de JSON (JWT) está disponible.
[6/4/2025 19:06:32:601 CST] 00000024 com.ibm.ws.security.jaspi.AuthConfigFactoryWrapper           I CWWKS1655I: Se está utilizando la clase AuthConfigFactory com.ibm.ws.security.jaspi.ProviderRegistry de JASPIC (Java Authentication SPI for Containers) predeterminada porque la propiedad de seguridad Java authconfigprovider.factory no está establecida. 
[6/4/2025 19:06:32:956 CST] 0000002d com.ibm.ws.ssl.config.WSKeyStore                             A CWPKI0803A: El certificado SSL se ha creado en 0.846 segundos. Archivo de claves SSL: D:/InvestigacionAplicada/target/liberty/wlp/usr/servers/investigacion/resources/security/public.jks
[6/4/2025 19:06:32:956 CST] 0000002d com.ibm.ws.ssl.config.WSKeyStore                             I Successfully loaded default keystore: D:/InvestigacionAplicada/target/liberty/wlp/usr/servers/investigacion/resources/security/public.jks of type: JKS
[6/4/2025 19:06:32:986 CST] 00000024 com.ibm.ws.session.WASSessionCore                            I SESN8501I: El gestor de sesiones no ha encontrado una ubicación de almacenamiento persistente; los objetos HttpSession se almacenarán en la memoria del servidor de aplicaciones local.
[6/4/2025 19:06:32:998 CST] 0000002d com.ibm.ws.security.mp.jwt.impl.MicroProfileJwtServiceImpl   I CWWKS5500I: La configuración de MicroProfile JWT [MicroProfileJwtService] se ha procesado correctamente.
[6/4/2025 19:06:33:002 CST] 0000002d com.ibm.ws.security.mp.jwt.impl.MicroProfileJwtConfigImpl    I CWWKS5500I: La configuración de MicroProfile JWT [jwtUserConsumer] se ha procesado correctamente.
[6/4/2025 19:06:33:002 CST] 0000002d com.ibm.ws.security.mp.jwt.impl.MicroProfileJwtConfigImpl    I CWWKS5500I: La configuración de MicroProfile JWT [defaultMpJwt] se ha procesado correctamente.
[6/4/2025 19:06:33:159 CST] 00000024 .microprofile.metrics.internal.monitor.MonitorMetricsHandler I CWPMI2003I: No se pueden recuperar métricas de supervisión mediante mpMetrics.
[6/4/2025 19:06:33:696 CST] 00000034 com.ibm.ws.webcontainer.osgi.webapp.WebGroup                 I SRVE0169I: Cargando módulo web: MicroProfileOpenAPI.
[6/4/2025 19:06:33:696 CST] 00000033 com.ibm.ws.webcontainer.osgi.webapp.WebGroup                 I SRVE0169I: Cargando módulo web: io.openliberty.security.jwt.internal.
[6/4/2025 19:06:33:696 CST] 00000037 com.ibm.ws.webcontainer.osgi.webapp.WebGroup                 I SRVE0169I: Cargando módulo web: health.
[6/4/2025 19:06:33:696 CST] 00000035 com.ibm.ws.webcontainer.osgi.webapp.WebGroup                 I SRVE0169I: Cargando módulo web: OpenAPIUI.
[6/4/2025 19:06:33:701 CST] 00000035 com.ibm.ws.webcontainer                                      I SRVE0250I: El módulo web OpenAPIUI se ha enlazado con default_host.
[6/4/2025 19:06:33:702 CST] 00000033 com.ibm.ws.webcontainer                                      I SRVE0250I: El módulo web io.openliberty.security.jwt.internal se ha enlazado con default_host.
[6/4/2025 19:06:33:702 CST] 00000037 com.ibm.ws.webcontainer                                      I SRVE0250I: El módulo web health se ha enlazado con default_host.
[6/4/2025 19:06:33:702 CST] 00000034 com.ibm.ws.webcontainer                                      I SRVE0250I: El módulo web MicroProfileOpenAPI se ha enlazado con default_host.
[6/4/2025 19:06:33:704 CST] 00000035 com.ibm.ws.http.internal.VirtualHostImpl                     A CWWKT0016I: Aplicación web disponible (default_host): http://localhost:9080/openapi/ui/
[6/4/2025 19:06:33:707 CST] 00000034 com.ibm.ws.http.internal.VirtualHostImpl                     A CWWKT0016I: Aplicación web disponible (default_host): http://localhost:9080/openapi/
[6/4/2025 19:06:33:707 CST] 00000037 com.ibm.ws.http.internal.VirtualHostImpl                     A CWWKT0016I: Aplicación web disponible (default_host): http://localhost:9080/health/
[6/4/2025 19:06:33:708 CST] 00000033 com.ibm.ws.http.internal.VirtualHostImpl                     A CWWKT0016I: Aplicación web disponible (default_host): http://localhost:9080/jwt/
[6/4/2025 19:06:33:757 CST] 00000034 com.ibm.ws.webcontainer.osgi.webapp.WebGroup                 I SRVE0169I: Cargando módulo web: PublicMicroProfileMetrics.
[6/4/2025 19:06:33:757 CST] 00000034 com.ibm.ws.webcontainer                                      I SRVE0250I: El módulo web PublicMicroProfileMetrics se ha enlazado con default_host.
[6/4/2025 19:06:33:757 CST] 00000034 com.ibm.ws.http.internal.VirtualHostImpl                     A CWWKT0016I: Aplicación web disponible (default_host): http://localhost:9080/metrics/
[6/4/2025 19:06:33:762 CST] 00000033 com.ibm.ws.app.manager.AppMessageHelper                      I CWWKZ0018I: Iniciando la aplicación investigacion.
[6/4/2025 19:06:33:764 CST] 00000033 bm.ws.app.manager.war.internal.WARDeployedAppInfoFactoryImpl I CWWKZ0134I: La aplicación investigacion está utilizando la definición de aplicación dinámica en la ubicación D:\InvestigacionAplicada\target\liberty\wlp\usr\servers\investigacion\apps\investigacion.war.xml.
[6/4/2025 19:06:33:806 CST] 00000037 com.ibm.ws.webcontainer.osgi.webapp.WebGroup                 I SRVE0169I: Cargando módulo web: ibm/api.
[6/4/2025 19:06:33:807 CST] 00000037 com.ibm.ws.webcontainer                                      I SRVE0250I: El módulo web ibm/api se ha enlazado con default_host.
[6/4/2025 19:06:33:807 CST] 00000037 com.ibm.ws.http.internal.VirtualHostImpl                     A CWWKT0016I: Aplicación web disponible (default_host): http://localhost:9080/ibm/api/
[6/4/2025 19:06:33:816 CST] 00000034 com.ibm.ws.session.WASSessionCore                            I SESN0176I: Se creará un nuevo contexto de sesión para la clave de aplicación default_host/openapi
[6/4/2025 19:06:33:816 CST] 00000035 com.ibm.ws.session.WASSessionCore                            I SESN0176I: Se creará un nuevo contexto de sesión para la clave de aplicación default_host/jwt
[6/4/2025 19:06:33:816 CST] 00000036 com.ibm.ws.session.WASSessionCore                            I SESN0176I: Se creará un nuevo contexto de sesión para la clave de aplicación default_host/openapi/ui
[6/4/2025 19:06:33:821 CST] 00000037 com.ibm.ws.session.WASSessionCore                            I SESN0176I: Se creará un nuevo contexto de sesión para la clave de aplicación default_host/health
[6/4/2025 19:06:33:884 CST] 00000034 com.ibm.ws.util                                              I SESN0172I: El gestor de sesiones está utilizando la implementación de SecureRandom Java por omisión para la generación del ID de sesión.
[6/4/2025 19:06:33:917 CST] 00000037 com.ibm.ws.util                                              I SESN0172I: El gestor de sesiones está utilizando la implementación de SecureRandom Java por omisión para la generación del ID de sesión.
[6/4/2025 19:06:33:917 CST] 00000036 com.ibm.ws.util                                              I SESN0172I: El gestor de sesiones está utilizando la implementación de SecureRandom Java por omisión para la generación del ID de sesión.
[6/4/2025 19:06:33:918 CST] 00000035 com.ibm.ws.util                                              I SESN0172I: El gestor de sesiones está utilizando la implementación de SecureRandom Java por omisión para la generación del ID de sesión.
[6/4/2025 19:06:33:937 CST] 00000036 com.ibm.ws.cache.CacheServiceImpl                            I DYNA1056I: La memoria caché dinámica (memoria caché de objeto) se ha inicializado correctamente.
[6/4/2025 19:06:34:073 CST] 00000035 com.ibm.ws.session.WASSessionCore                            I SESN0176I: Se creará un nuevo contexto de sesión para la clave de aplicación default_host/metrics
[6/4/2025 19:06:34:073 CST] 00000035 com.ibm.ws.util                                              I SESN0172I: El gestor de sesiones está utilizando la implementación de SecureRandom Java por omisión para la generación del ID de sesión.
[6/4/2025 19:06:34:117 CST] 00000035 com.ibm.ws.webcontainer.servlet                              I SRVE0242I: [io.openliberty.microprofile.metrics.internal.public] [/metrics] [PublicMetricsRESTProxyServlet]: Inicialización satisfactoria.
[6/4/2025 19:06:34:117 CST] 00000037 com.ibm.ws.webcontainer.servlet                              I SRVE0242I: [io.openliberty.microprofile.health.4.0.internal.jakarta] [/health] [HealthCheckReadinessServlet]: Inicialización satisfactoria.
[6/4/2025 19:06:34:121 CST] 00000037 com.ibm.ws.webcontainer.servlet                              I SRVE0242I: [io.openliberty.microprofile.health.4.0.internal.jakarta] [/health] [HealthCheckServlet]: Inicialización satisfactoria.
[6/4/2025 19:06:34:122 CST] 00000037 com.ibm.ws.webcontainer.servlet                              I SRVE0242I: [io.openliberty.microprofile.health.4.0.internal.jakarta] [/health] [HealthCheckStartupServlet]: Inicialización satisfactoria.
[6/4/2025 19:06:34:124 CST] 00000037 com.ibm.ws.webcontainer.servlet                              I SRVE0242I: [io.openliberty.microprofile.health.4.0.internal.jakarta] [/health] [HealthCheckLivenessServlet]: Inicialización satisfactoria.
[6/4/2025 19:06:34:125 CST] 00000034 com.ibm.ws.webcontainer.servlet                              I SRVE0242I: [io.openliberty.microprofile.openapi.2.0.internal.servlet.jakarta] [/openapi] [ApplicationServlet]: Inicialización satisfactoria.
[6/4/2025 19:06:34:132 CST] 00000037 com.ibm.ws.session.WASSessionCore                            I SESN0176I: Se creará un nuevo contexto de sesión para la clave de aplicación default_host/ibm/api
[6/4/2025 19:06:34:132 CST] 00000037 com.ibm.ws.util                                              I SESN0172I: El gestor de sesiones está utilizando la implementación de SecureRandom Java por omisión para la generación del ID de sesión.
[6/4/2025 19:06:34:731 CST] 00000036 com.ibm.ws.webcontainer.osgi.mbeans.PluginGenerator          I SRVE9103I: Se ha generado automáticamente un archivo de configuración para un plug-in de servidor web para este servidor en D:\InvestigacionAplicada\target\liberty\wlp\usr\servers\investigacion\logs\state\plugin-cfg.xml.
[6/4/2025 19:06:36:921 CST] 00000033 com.ibm.ws.logging.internal.impl.IncidentImpl                I FFDC1015I: Se ha creado una incidencia FFDC: "java.lang.NoClassDefFoundError: javax/persistence/EntityManager com.ibm.ws.injectionengine.InjectionProcessorManager.getAllDeclaredFields 249" en ffdc_25.04.06_19.06.36.0.log
[6/4/2025 19:06:36:927 CST] 00000033 com.ibm.ws.injectionengine.InjectionProcessorManager         W CWNEN0047W: Se ignorarán las notaciones de recursos de los campos de la clase sv.edu.udb.repository.ProductoRepository. Las notaciones no se han podido obtener debido a la excepción: java.lang.NoClassDefFoundError: javax/persistence/EntityManager
[6/4/2025 19:06:37:660 CST] 00000033 org.jboss.weld.Bootstrap                                     I WELD-000119: Not generating any bean definitions from sv.edu.udb.repository.ProductoRepository because of underlying class loading error: Type javax.persistence.EntityManager not found.  If this is unexpected, enable DEBUG logging to see the full error.
[6/4/2025 19:06:42:487 CST] 00000033 liberty.microprofile.openapi20.internal.ApplicationProcessor I CWWKO1660I: La aplicación investigacion se ha procesado y se ha producido un documento OpenAPI.
[6/4/2025 19:06:42:491 CST] 00000033 com.ibm.ws.webcontainer.osgi.webapp.WebGroup                 I SRVE0169I: Cargando módulo web: investigacion.
[6/4/2025 19:06:42:492 CST] 00000033 com.ibm.ws.webcontainer                                      I SRVE0250I: El módulo web investigacion se ha enlazado con default_host.
[6/4/2025 19:06:42:492 CST] 00000033 com.ibm.ws.http.internal.VirtualHostImpl                     A CWWKT0016I: Aplicación web disponible (default_host): http://localhost:9080/
[6/4/2025 19:06:42:495 CST] 00000035 com.ibm.ws.session.WASSessionCore                            I SESN0176I: Se creará un nuevo contexto de sesión para la clave de aplicación default_host/
[6/4/2025 19:06:42:495 CST] 00000035 com.ibm.ws.util                                              I SESN0172I: El gestor de sesiones está utilizando la implementación de SecureRandom Java por omisión para la generación del ID de sesión.
[6/4/2025 19:06:42:535 CST] 00000035 com.ibm.ws.app.manager.AppMessageHelper                      A CWWKZ0001I: La aplicación investigacion se ha iniciado en 8.772 segundos.
[6/4/2025 19:06:42:558 CST] 00000031 com.ibm.ws.tcpchannel.internal.TCPPort                       I CWWKO0219I: El canal TCP defaultHttpEndpoint se ha iniciado y ahora está a la escucha de solicitudes en el host 127.0.0.1  (IPv4: 127.0.0.1) puerto 9080.
[6/4/2025 19:06:42:561 CST] 00000031 com.ibm.ws.tcpchannel.internal.TCPPort                       I CWWKO0219I: El canal TCP defaultHttpEndpoint-ssl se ha iniciado y ahora está a la escucha de solicitudes en el host 127.0.0.1  (IPv4: 127.0.0.1) puerto 9443.
[6/4/2025 19:06:42:859 CST] 00000036 com.ibm.ws.webcontainer.osgi.mbeans.PluginGenerator          I SRVE9103I: Se ha generado automáticamente un archivo de configuración para un plug-in de servidor web para este servidor en D:\InvestigacionAplicada\target\liberty\wlp\usr\servers\investigacion\logs\state\plugin-cfg.xml.
[6/4/2025 19:06:42:861 CST] 00000031 com.ibm.ws.kernel.feature.internal.FeatureManager            A CWWKF0012I: El servidor ha instalado las características siguientes: [appSecurity-4.0, cdi-3.0, concurrent-2.0, distributedMap-1.0, expressionLanguage-4.0, jndi-1.0, json-1.0, jsonb-2.0, jsonp-2.0, jwt-1.0, microProfile-5.0, monitor-1.0, mpConfig-3.0, mpFaultTolerance-4.0, mpHealth-4.0, mpJwt-2.0, mpMetrics-4.0, mpOpenAPI-3.0, mpOpenTracing-3.0, mpRestClient-3.0, restfulWS-3.0, restfulWSClient-3.0, servlet-5.0, ssl-1.0, transportSecurity-1.0].
[6/4/2025 19:06:42:862 CST] 00000031 com.ibm.ws.kernel.feature.internal.FeatureManager            I CWWKF0008I: La actualización de características se ha completado en 13.719 segundos.
[6/4/2025 19:06:42:862 CST] 00000031 com.ibm.ws.kernel.feature.internal.FeatureManager            A CWWKF0011I: El servidor investigacion está preparado para ejecutar un planeta más inteligente. El servidor investigacion se ha iniciado en 15.196 segundos.
[6/4/2025 19:06:45:842 CST] 00000061 com.ibm.ws.http.internal.VirtualHostImpl                     A CWWKT0017I: Aplicación web eliminada (default_host): http://localhost:9080/
[6/4/2025 19:06:45:858 CST] 00000061 com.ibm.ws.app.manager.AppMessageHelper                      A CWWKZ0009I: La aplicación investigacion se ha detenido correctamente.
[6/4/2025 19:06:45:864 CST] 00000061 com.ibm.ws.app.manager.AppMessageHelper                      I CWWKZ0018I: Iniciando la aplicación investigacion.
[6/4/2025 19:06:45:864 CST] 00000061 bm.ws.app.manager.war.internal.WARDeployedAppInfoFactoryImpl I CWWKZ0134I: La aplicación investigacion está utilizando la definición de aplicación dinámica en la ubicación D:\InvestigacionAplicada\target\liberty\wlp\usr\servers\investigacion\apps\investigacion.war.xml.
[6/4/2025 19:06:46:114 CST] 00000069 com.ibm.ws.webcontainer.osgi.mbeans.PluginGenerator          I SRVE9103I: Se ha generado automáticamente un archivo de configuración para un plug-in de servidor web para este servidor en D:\InvestigacionAplicada\target\liberty\wlp\usr\servers\investigacion\logs\state\plugin-cfg.xml.
[6/4/2025 19:06:46:384 CST] 00000061 com.ibm.ws.injectionengine.InjectionProcessorManager         W CWNEN0047W: Se ignorarán las notaciones de recursos de los campos de la clase sv.edu.udb.repository.ProductoRepository. Las notaciones no se han podido obtener debido a la excepción: java.lang.NoClassDefFoundError: javax/persistence/EntityManager
[6/4/2025 19:06:46:611 CST] 00000061 org.jboss.weld.Bootstrap                                     I WELD-000119: Not generating any bean definitions from sv.edu.udb.repository.ProductoRepository because of underlying class loading error: Type javax.persistence.EntityManager not found.  If this is unexpected, enable DEBUG logging to see the full error.
[6/4/2025 19:06:49:622 CST] 00000061 liberty.microprofile.openapi20.internal.ApplicationProcessor I CWWKO1660I: La aplicación investigacion se ha procesado y se ha producido un documento OpenAPI.
[6/4/2025 19:06:49:623 CST] 00000061 com.ibm.ws.webcontainer.osgi.webapp.WebGroup                 I SRVE0169I: Cargando módulo web: investigacion.
[6/4/2025 19:06:49:623 CST] 00000061 com.ibm.ws.webcontainer                                      I SRVE0250I: El módulo web investigacion se ha enlazado con default_host.
[6/4/2025 19:06:49:623 CST] 00000061 com.ibm.ws.http.internal.VirtualHostImpl                     A CWWKT0016I: Aplicación web disponible (default_host): http://localhost:9080/
[6/4/2025 19:06:49:624 CST] 00000060 com.ibm.ws.session.WASSessionCore                            I SESN0176I: Se creará un nuevo contexto de sesión para la clave de aplicación default_host/
[6/4/2025 19:06:49:624 CST] 00000060 com.ibm.ws.util                                              I SESN0172I: El gestor de sesiones está utilizando la implementación de SecureRandom Java por omisión para la generación del ID de sesión.
[6/4/2025 19:06:49:646 CST] 00000060 com.ibm.ws.app.manager.AppMessageHelper                      A CWWKZ0003I: La aplicación investigacion se ha actualizado en 3.781 segundos.
[6/4/2025 19:06:50:022 CST] 00000066 com.ibm.ws.webcontainer.osgi.mbeans.PluginGenerator          I SRVE9103I: Se ha generado automáticamente un archivo de configuración para un plug-in de servidor web para este servidor en D:\InvestigacionAplicada\target\liberty\wlp\usr\servers\investigacion\logs\state\plugin-cfg.xml.
[6/4/2025 19:06:55:986 CST] 00000064 com.ibm.ws.webcontainer.extension                            W SRVE0190E: Archivo no encontrado: /favicon.ico
[6/4/2025 19:06:55:986 CST] 00000066 com.ibm.ws.webcontainer.extension                            W SRVE0190E: Archivo no encontrado: /api/productos
[6/4/2025 19:06:56:100 CST] 00000064 com.ibm.ws.logging.internal.impl.IncidentImpl                I FFDC1015I: Se ha creado una incidencia FFDC: "jakarta.servlet.ServletException: java.io.FileNotFoundException: SRVE0190E: Archivo no encontrado: /favicon.ico com.ibm.ws.webcontainer.filter.FilterInstanceWrapper.doFilter 144" en ffdc_25.04.06_19.06.55.0.log
[6/4/2025 19:06:56:100 CST] 00000066 com.ibm.ws.logging.internal.impl.IncidentImpl                I FFDC1015I: Se ha creado una incidencia FFDC: "jakarta.servlet.ServletException: java.io.FileNotFoundException: SRVE0190E: Archivo no encontrado: /api/productos com.ibm.ws.webcontainer.filter.FilterInstanceWrapper.doFilter 144" en ffdc_25.04.06_19.06.55.1.log
[6/4/2025 19:07:20:474 CST] 00000021 com.ibm.ws.kernel.launch.internal.ServerCommandListener      A CWWKE0055I: Conclusión del servidor solicitada el domingo, 6 de abril de 2025 a las 7:07 p. m.. El servidor investigacion se está cerrando.
[6/4/2025 19:07:20:478 CST] 0000007d com.ibm.ws.runtime.update.internal.RuntimeUpdateManagerImpl  A CWWKE1100I: Esperando un máximo de 30 segundos para que el servidor se desactive temporalmente.
[6/4/2025 19:07:20:483 CST] 00000053 com.ibm.ws.tcpchannel.internal.TCPChannel                    I CWWKO0220I: El canal TCP defaultHttpEndpoint-ssl ha detenido la escucha de solicitudes en el host 127.0.0.1  (IPv4: 127.0.0.1) puerto 9443.
[6/4/2025 19:07:20:484 CST] 00000053 com.ibm.ws.tcpchannel.internal.TCPChannel                    I CWWKO0220I: El canal TCP defaultHttpEndpoint ha detenido la escucha de solicitudes en el host 127.0.0.1  (IPv4: 127.0.0.1) puerto 9080.
[6/4/2025 19:07:20:484 CST] 00000053 com.ibm.ws.http.internal.VirtualHostImpl                     A CWWKT0017I: Aplicación web eliminada (default_host): http://localhost:9080/jwt/
[6/4/2025 19:07:20:484 CST] 00000053 com.ibm.ws.http.internal.VirtualHostImpl                     A CWWKT0017I: Aplicación web eliminada (default_host): http://localhost:9080/openapi/ui/
[6/4/2025 19:07:20:484 CST] 00000053 com.ibm.ws.http.internal.VirtualHostImpl                     A CWWKT0017I: Aplicación web eliminada (default_host): http://localhost:9080/health/
[6/4/2025 19:07:20:484 CST] 00000053 com.ibm.ws.http.internal.VirtualHostImpl                     A CWWKT0017I: Aplicación web eliminada (default_host): http://localhost:9080/metrics/
[6/4/2025 19:07:20:484 CST] 00000053 com.ibm.ws.http.internal.VirtualHostImpl                     A CWWKT0017I: Aplicación web eliminada (default_host): http://localhost:9080/
[6/4/2025 19:07:20:484 CST] 00000053 com.ibm.ws.http.internal.VirtualHostImpl                     A CWWKT0017I: Aplicación web eliminada (default_host): http://localhost:9080/openapi/
[6/4/2025 19:07:20:484 CST] 00000053 com.ibm.ws.http.internal.VirtualHostImpl                     A CWWKT0017I: Aplicación web eliminada (default_host): http://localhost:9080/ibm/api/
[6/4/2025 19:07:21:488 CST] 0000007d com.ibm.ws.runtime.update.internal.RuntimeUpdateManagerImpl  I CWWKE1101I: La desactivación temporal del servidor ha finalizado.
[6/4/2025 19:07:21:522 CST] 00000067 com.ibm.ws.app.manager.AppMessageHelper                      A CWWKZ0009I: La aplicación investigacion se ha detenido correctamente.
[6/4/2025 19:07:21:593 CST] 0000007d com.ibm.ws.webcontainer.servlet                              I SRVE0253I: [io.openliberty.microprofile.health.4.0.internal.jakarta] [/health] [HealthCheckStartupServlet]: Destrucción satisfactoria.
[6/4/2025 19:07:21:593 CST] 0000007d com.ibm.ws.webcontainer.servlet                              I SRVE0253I: [io.openliberty.microprofile.health.4.0.internal.jakarta] [/health] [HealthCheckReadinessServlet]: Destrucción satisfactoria.
[6/4/2025 19:07:21:593 CST] 0000007d com.ibm.ws.webcontainer.servlet                              I SRVE0253I: [io.openliberty.microprofile.health.4.0.internal.jakarta] [/health] [HealthCheckLivenessServlet]: Destrucción satisfactoria.
[6/4/2025 19:07:21:594 CST] 0000007d com.ibm.ws.webcontainer.servlet                              I SRVE0253I: [io.openliberty.microprofile.health.4.0.internal.jakarta] [/health] [HealthCheckServlet]: Destrucción satisfactoria.
[6/4/2025 19:07:21:598 CST] 0000007d com.ibm.ws.webcontainer.servlet                              I SRVE0253I: [io.openliberty.microprofile.metrics.internal.public] [/metrics] [PublicMetricsRESTProxyServlet]: Destrucción satisfactoria.
[6/4/2025 19:07:21:602 CST] 0000007d com.ibm.ws.webcontainer.servlet                              I SRVE0253I: [io.openliberty.microprofile.openapi.2.0.internal.servlet.jakarta] [/openapi] [ApplicationServlet]: Destrucción satisfactoria.
[6/4/2025 19:07:21:710 CST] 0000007d rty.security.mp.jwt.v12.config.impl.MpConfigProxyServiceImpl I CWWKS5782I: mpConfigProxy de MicroProfile JWT versión 1.2 se ha desactivado correctamente.
[6/4/2025 19:07:21:712 CST] 0000007d com.ibm.ws.security.mp.jwt.impl.MicroProfileJwtConfigImpl    I CWWKS5502I: La configuración de MicroProfile JWT [jwtUserConsumer] se ha desactivado correctamente.
[6/4/2025 19:07:21:712 CST] 0000007d com.ibm.ws.security.mp.jwt.impl.MicroProfileJwtConfigImpl    I CWWKS5502I: La configuración de MicroProfile JWT [defaultMpJwt] se ha desactivado correctamente.
[6/4/2025 19:07:21:713 CST] 0000007d com.ibm.ws.security.mp.jwt.impl.MicroProfileJwtServiceImpl   I CWWKS5502I: La configuración de MicroProfile JWT [MicroProfileJwtService] se ha desactivado correctamente.
[6/4/2025 19:07:21:757 CST] 0000007d .microprofile.metrics.internal.monitor.MonitorMetricsHandler I CWPMI2004I: Se ha anulado el registro de todas las métricas de supervisión de mpMetrics.
[6/4/2025 19:07:21:882 CST] 0000007d ibm.ws.security.authentication.internal.jaas.JAASServiceImpl I CWWKS1124I: Se ha desactivado el plugin de autenticación colectiva con el nombre de clase NullCollectiveAuthenticationPlugin. 
[6/4/2025 19:07:21:886 CST] 0000007d com.ibm.ws.security.ready.internal.SecurityReadyServiceImpl  I CWWKS0009I: El servicio de seguridad se ha detenido.
[6/4/2025 19:07:22:278 CST] 00000001 com.ibm.ws.kernel.launch.internal.FrameworkManager           A CWWKE0036I: El servidor investigacion se ha detenido después de 54.612 segundos.
